<?xml version="1.0" encoding="UTF-8"?>
<!-- Generated by org.testng.reporters.JUnitXMLReporter -->
<testsuite ignored="0" hostname="shivams-MacBook-Air.local" failures="0" tests="6" name="Surefire test" time="52.379" errors="0" timestamp="2024-08-31T13:17:16 IST">
  <testcase classname="Tests.Final_Test" name="filter_1" time="4.066"/>
  <testcase classname="Tests.Final_Test" name="filter_2" time="3.979"/>
  <testcase classname="Tests.Final_Test" name="filter_3" time="4.07"/>
  <testcase classname="Tests.Final_Test" name="filter_4" time="2.441"/>
  <testcase classname="Tests.Final_Test" name="Compare" time="4.403"/>
  <testcase classname="Tests.Final_Test" name="Compare2" time="4.536"/>
</testsuite> <!-- Surefire test -->
