<?xml version="1.0" encoding="UTF-8"?>
<!-- Generated by org.testng.reporters.JUnitXMLReporter -->
<testsuite ignored="15" hostname="shivams-MacBook-Air.local" failures="0" tests="1" name="Default test" time="9.618" errors="0" timestamp="2024-09-02T13:03:32 IST">
  <testcase classname="Tests.Final_Test" name="Compare" time="4.426"/>
  <testcase classname="Tests.Final_Test" name="OS" time="0.0">
    <ignored/>
  </testcase> <!-- OS -->
  <testcase classname="Tests.Final_Test" name="Price" time="0.0">
    <ignored/>
  </testcase> <!-- Price -->
  <testcase classname="Tests.Final_Test" name="Camera" time="0.0">
    <ignored/>
  </testcase> <!-- Camera -->
  <testcase classname="Tests.Final_Test" name="filter_2" time="0.0">
    <ignored/>
  </testcase> <!-- filter_2 -->
  <testcase classname="Tests.Final_Test" name="filter_3" time="0.0">
    <ignored/>
  </testcase> <!-- filter_3 -->
  <testcase classname="Tests.Final_Test" name="home" time="0.0">
    <ignored/>
  </testcase> <!-- home -->
  <testcase classname="Tests.Final_Test" name="recent" time="0.0">
    <ignored/>
  </testcase> <!-- recent -->
  <testcase classname="Tests.Final_Test" name="filter_1" time="0.0">
    <ignored/>
  </testcase> <!-- filter_1 -->
  <testcase classname="Tests.Final_Test" name="Wishlist" time="0.0">
    <ignored/>
  </testcase> <!-- Wishlist -->
  <testcase classname="Tests.Final_Test" name="Features" time="0.0">
    <ignored/>
  </testcase> <!-- Features -->
  <testcase classname="Tests.Final_Test" name="filter_4" time="0.0">
    <ignored/>
  </testcase> <!-- filter_4 -->
  <testcase classname="Tests.Final_Test" name="Brands" time="0.0">
    <ignored/>
  </testcase> <!-- Brands -->
  <testcase classname="Tests.Final_Test" name="Compare2" time="0.0">
    <ignored/>
  </testcase> <!-- Compare2 -->
  <testcase classname="Tests.Final_Test" name="cart" time="0.0">
    <ignored/>
  </testcase> <!-- cart -->
  <testcase classname="Tests.Final_Test" name="Processor" time="0.0">
    <ignored/>
  </testcase> <!-- Processor -->
</testsuite> <!-- Default test -->
