<?xml version="1.0" encoding="UTF-8"?>
<testng-results ignored="0" total="6" passed="6" failed="0" skipped="0">
  <reporter-output>
  </reporter-output>
  <suite started-at="2024-08-31T13:16:23 IST" name="Surefire suite" finished-at="2024-08-31T13:17:16 IST" duration-ms="52379">
    <groups>
    </groups>
    <test started-at="2024-08-31T13:16:23 IST" name="Surefire test" finished-at="2024-08-31T13:17:16 IST" duration-ms="52379">
      <class name="Tests.Final_Test">
        <test-method is-config="true" signature="configReport()[pri:0, instance:Tests.Final_Test@1d548a08]" started-at="2024-08-31T13:16:23 IST" name="configReport" finished-at="2024-08-31T13:16:24 IST" duration-ms="117" status="PASS">
          <reporter-output>
          </reporter-output>
        </test-method> <!-- configReport -->
        <test-method is-config="true" signature="setup()[pri:0, instance:Tests.Final_Test@1d548a08]" started-at="2024-08-31T13:16:24 IST" name="setup" finished-at="2024-08-31T13:16:29 IST" duration-ms="5571" status="PASS">
          <reporter-output>
          </reporter-output>
        </test-method> <!-- setup -->
        <test-method signature="filter_1()[pri:1, instance:Tests.Final_Test@1d548a08]" started-at="2024-08-31T13:16:29 IST" name="filter_1" finished-at="2024-08-31T13:16:33 IST" duration-ms="4066" status="PASS">
          <reporter-output>
          </reporter-output>
        </test-method> <!-- filter_1 -->
        <test-method is-config="true" signature="tearDown()[pri:0, instance:Tests.Final_Test@1d548a08]" started-at="2024-08-31T13:16:33 IST" name="tearDown" finished-at="2024-08-31T13:16:33 IST" duration-ms="112" status="PASS">
          <reporter-output>
          </reporter-output>
        </test-method> <!-- tearDown -->
        <test-method is-config="true" signature="setup()[pri:0, instance:Tests.Final_Test@1d548a08]" started-at="2024-08-31T13:16:33 IST" name="setup" finished-at="2024-08-31T13:16:38 IST" duration-ms="4408" status="PASS">
          <reporter-output>
          </reporter-output>
        </test-method> <!-- setup -->
        <test-method signature="filter_2()[pri:2, instance:Tests.Final_Test@1d548a08]" started-at="2024-08-31T13:16:38 IST" name="filter_2" finished-at="2024-08-31T13:16:42 IST" duration-ms="3979" status="PASS">
          <reporter-output>
          </reporter-output>
        </test-method> <!-- filter_2 -->
        <test-method is-config="true" signature="tearDown()[pri:0, instance:Tests.Final_Test@1d548a08]" started-at="2024-08-31T13:16:42 IST" name="tearDown" finished-at="2024-08-31T13:16:42 IST" duration-ms="108" status="PASS">
          <reporter-output>
          </reporter-output>
        </test-method> <!-- tearDown -->
        <test-method is-config="true" signature="setup()[pri:0, instance:Tests.Final_Test@1d548a08]" started-at="2024-08-31T13:16:42 IST" name="setup" finished-at="2024-08-31T13:16:46 IST" duration-ms="4402" status="PASS">
          <reporter-output>
          </reporter-output>
        </test-method> <!-- setup -->
        <test-method signature="filter_3()[pri:3, instance:Tests.Final_Test@1d548a08]" started-at="2024-08-31T13:16:46 IST" name="filter_3" finished-at="2024-08-31T13:16:50 IST" duration-ms="4070" status="PASS">
          <reporter-output>
          </reporter-output>
        </test-method> <!-- filter_3 -->
        <test-method is-config="true" signature="tearDown()[pri:0, instance:Tests.Final_Test@1d548a08]" started-at="2024-08-31T13:16:50 IST" name="tearDown" finished-at="2024-08-31T13:16:50 IST" duration-ms="106" status="PASS">
          <reporter-output>
          </reporter-output>
        </test-method> <!-- tearDown -->
        <test-method is-config="true" signature="setup()[pri:0, instance:Tests.Final_Test@1d548a08]" started-at="2024-08-31T13:16:50 IST" name="setup" finished-at="2024-08-31T13:16:55 IST" duration-ms="4387" status="PASS">
          <reporter-output>
          </reporter-output>
        </test-method> <!-- setup -->
        <test-method signature="filter_4()[pri:4, instance:Tests.Final_Test@1d548a08]" started-at="2024-08-31T13:16:55 IST" name="filter_4" finished-at="2024-08-31T13:16:57 IST" duration-ms="2441" status="PASS">
          <reporter-output>
          </reporter-output>
        </test-method> <!-- filter_4 -->
        <test-method is-config="true" signature="tearDown()[pri:0, instance:Tests.Final_Test@1d548a08]" started-at="2024-08-31T13:16:57 IST" name="tearDown" finished-at="2024-08-31T13:16:57 IST" duration-ms="114" status="PASS">
          <reporter-output>
          </reporter-output>
        </test-method> <!-- tearDown -->
        <test-method is-config="true" signature="setup()[pri:0, instance:Tests.Final_Test@1d548a08]" started-at="2024-08-31T13:16:57 IST" name="setup" finished-at="2024-08-31T13:17:02 IST" duration-ms="4496" status="PASS">
          <reporter-output>
          </reporter-output>
        </test-method> <!-- setup -->
        <test-method signature="Compare()[pri:5, instance:Tests.Final_Test@1d548a08]" started-at="2024-08-31T13:17:02 IST" name="Compare" finished-at="2024-08-31T13:17:06 IST" duration-ms="4403" status="PASS">
          <reporter-output>
          </reporter-output>
        </test-method> <!-- Compare -->
        <test-method is-config="true" signature="tearDown()[pri:0, instance:Tests.Final_Test@1d548a08]" started-at="2024-08-31T13:17:06 IST" name="tearDown" finished-at="2024-08-31T13:17:06 IST" duration-ms="109" status="PASS">
          <reporter-output>
          </reporter-output>
        </test-method> <!-- tearDown -->
        <test-method is-config="true" signature="setup()[pri:0, instance:Tests.Final_Test@1d548a08]" started-at="2024-08-31T13:17:06 IST" name="setup" finished-at="2024-08-31T13:17:11 IST" duration-ms="4699" status="PASS">
          <reporter-output>
          </reporter-output>
        </test-method> <!-- setup -->
        <test-method signature="Compare2()[pri:6, instance:Tests.Final_Test@1d548a08]" started-at="2024-08-31T13:17:11 IST" name="Compare2" finished-at="2024-08-31T13:17:16 IST" duration-ms="4536" status="PASS">
          <reporter-output>
          </reporter-output>
        </test-method> <!-- Compare2 -->
        <test-method is-config="true" signature="tearDown()[pri:0, instance:Tests.Final_Test@1d548a08]" started-at="2024-08-31T13:17:16 IST" name="tearDown" finished-at="2024-08-31T13:17:16 IST" duration-ms="112" status="PASS">
          <reporter-output>
          </reporter-output>
        </test-method> <!-- tearDown -->
        <test-method is-config="true" signature="flush()[pri:0, instance:Tests.Final_Test@1d548a08]" started-at="2024-08-31T13:17:16 IST" name="flush" finished-at="2024-08-31T13:17:16 IST" duration-ms="114" status="PASS">
          <reporter-output>
          </reporter-output>
        </test-method> <!-- flush -->
      </class> <!-- Tests.Final_Test -->
    </test> <!-- Surefire test -->
  </suite> <!-- Surefire suite -->
</testng-results>
