<?xml version="1.0" encoding="UTF-8"?>
<testng-results ignored="0" total="1" passed="1" failed="0" skipped="0">
  <reporter-output>
  </reporter-output>
  <suite started-at="2024-09-02T13:03:23 IST" name="Default suite" finished-at="2024-09-02T13:03:32 IST" duration-ms="9618">
    <groups>
    </groups>
    <test started-at="2024-09-02T13:03:23 IST" name="Default test" finished-at="2024-09-02T13:03:32 IST" duration-ms="9618">
      <class name="Tests.Final_Test">
        <test-method is-config="true" signature="configReport()[pri:0, instance:Tests.Final_Test@14dd9eb7]" started-at="2024-09-02T13:03:23 IST" name="configReport" finished-at="2024-09-02T13:03:23 IST" duration-ms="114" status="PASS">
          <reporter-output>
          </reporter-output>
        </test-method> <!-- configReport -->
        <test-method is-config="true" signature="setup()[pri:0, instance:Tests.Final_Test@14dd9eb7]" started-at="2024-09-02T13:03:23 IST" name="setup" finished-at="2024-09-02T13:03:28 IST" duration-ms="4831" status="PASS">
          <reporter-output>
          </reporter-output>
        </test-method> <!-- setup -->
        <test-method signature="Compare()[pri:5, instance:Tests.Final_Test@14dd9eb7]" started-at="2024-09-02T13:03:28 IST" name="Compare" finished-at="2024-09-02T13:03:32 IST" duration-ms="4426" status="PASS">
          <reporter-output>
          </reporter-output>
        </test-method> <!-- Compare -->
        <test-method is-config="true" signature="tearDown()[pri:0, instance:Tests.Final_Test@14dd9eb7]" started-at="2024-09-02T13:03:32 IST" name="tearDown" finished-at="2024-09-02T13:03:32 IST" duration-ms="119" status="PASS">
          <reporter-output>
          </reporter-output>
        </test-method> <!-- tearDown -->
        <test-method is-config="true" signature="flush()[pri:0, instance:Tests.Final_Test@14dd9eb7]" started-at="2024-09-02T13:03:32 IST" name="flush" finished-at="2024-09-02T13:03:32 IST" duration-ms="106" status="PASS">
          <reporter-output>
          </reporter-output>
        </test-method> <!-- flush -->
      </class> <!-- Tests.Final_Test -->
    </test> <!-- Default test -->
  </suite> <!-- Default suite -->
</testng-results>
